<?xml version="1.0" encoding="UTF-8"?>
<!-- Generated by org.testng.reporters.JUnitReportReporter -->
<testsuite hostname="10PNQ22436LT01" name="web.ns.testscripts.LoginToNs_01" tests="1" failures="0" timestamp="31 May 2018 08:39:25 GMT" time="1.372" errors="0">
  <testcase name="login" time="1.372" classname="web.ns.testscripts.LoginToNs_01"/>
</testsuite> <!-- web.ns.testscripts.LoginToNs_01 -->
